Arguments: 
  /home/mkramer/.nvm/versions/node/v8.9.3/bin/node /home/mkramer/.nvm/versions/node/v8.9.3/bin/yarn add -D webpack-cli

PATH: 
  /home/mkramer/.npm/_npx/25504/bin:/home/mkramer/Projects/beef-flux/packages/beef-flux-example/node_modules/.bin:/home/mkramer/.nvm/versions/node/v8.9.3/bin:/usr/lib64/qt-3.3/bin:/usr/local/bin:/usr/local/sbin:/usr/bin:/usr/sbin:/home/mkramer/Android/Sdk/tools:/home/mkramer/Android/Sdk/platform-tools:/home/mkramer/.local/bin:/home/mkramer/bin:/opt/gradle/gradle-4.3/bin:/opt/rider/bin:/home/mkramer/Android/Sdk/tools:/home/mkramer/Android/Sdk/platform-tools

Yarn version: 
  1.6.0

Node version: 
  8.9.3

Platform: 
  linux x64

Trace: 
  Error: https://registry.yarnpkg.com/@beef-flux%2fstore: Not found
      at Request.params.callback [as _callback] (/home/mkramer/.nvm/versions/node/v8.9.3/lib/node_modules/yarn/lib/cli.js:65327:18)
      at Request.self.callback (/home/mkramer/.nvm/versions/node/v8.9.3/lib/node_modules/yarn/lib/cli.js:133155:22)
      at emitTwo (events.js:126:13)
      at Request.emit (events.js:214:7)
      at Request.<anonymous> (/home/mkramer/.nvm/versions/node/v8.9.3/lib/node_modules/yarn/lib/cli.js:134138:10)
      at emitOne (events.js:116:13)
      at Request.emit (events.js:211:7)
      at IncomingMessage.<anonymous> (/home/mkramer/.nvm/versions/node/v8.9.3/lib/node_modules/yarn/lib/cli.js:134058:12)
      at Object.onceWrapper (events.js:313:30)
      at emitNone (events.js:111:20)

npm manifest: 
  {
    "name": "@beef-flux/example",
    "version": "0.0.0",
    "description": "> TODO: description",
    "author": "Michael Kramer <kramer@siosphere.com>",
    "homepage": "",
    "license": "ISC",
    "main": "lib/beef-flux-example.js",
    "directories": {
      "lib": "lib",
      "test": "__tests__"
    },
    "files": [
      "lib"
    ],
    "scripts": {
      "test": "echo \"Error: run tests from root\" && exit 1"
    },
    "dependencies": {
      "@beef-flux/store": "^12.0.0",
      "react": "^16.6.1",
      "react-dom": "^16.6.1",
      "webpack": "^4.25.1",
      "webpack-cli": "^3.1.2"
    }
  }

yarn manifest: 
  No manifest

Lockfile: 
  # THIS IS AN AUTOGENERATED FILE. DO NOT EDIT THIS FILE DIRECTLY.
  # yarn lockfile v1
  
  
  "js-tokens@^3.0.0 || ^4.0.0":
    version "4.0.0"
    resolved "https://registry.yarnpkg.com/js-tokens/-/js-tokens-4.0.0.tgz#19203fb59991df98e3a287050d4647cdeaf32499"
  
  loose-envify@^1.1.0, loose-envify@^1.3.1:
    version "1.4.0"
    resolved "https://registry.yarnpkg.com/loose-envify/-/loose-envify-1.4.0.tgz#71ee51fa7be4caec1a63839f7e682d8132d30caf"
    dependencies:
      js-tokens "^3.0.0 || ^4.0.0"
  
  object-assign@^4.1.1:
    version "4.1.1"
    resolved "https://registry.yarnpkg.com/object-assign/-/object-assign-4.1.1.tgz#2109adc7965887cfc05cbbd442cac8bfbb360863"
  
  prop-types@^15.6.2:
    version "15.6.2"
    resolved "https://registry.yarnpkg.com/prop-types/-/prop-types-15.6.2.tgz#05d5ca77b4453e985d60fc7ff8c859094a497102"
    dependencies:
      loose-envify "^1.3.1"
      object-assign "^4.1.1"
  
  react-dom@^16.6.1:
    version "16.6.1"
    resolved "https://registry.yarnpkg.com/react-dom/-/react-dom-16.6.1.tgz#5476e08694ae504ae385a28b62ecc4fe3a29add9"
    dependencies:
      loose-envify "^1.1.0"
      object-assign "^4.1.1"
      prop-types "^15.6.2"
      scheduler "^0.11.0"
  
  react@^16.6.1:
    version "16.6.1"
    resolved "https://registry.yarnpkg.com/react/-/react-16.6.1.tgz#ee2aef4f0a09e494594882029821049772f915fe"
    dependencies:
      loose-envify "^1.1.0"
      object-assign "^4.1.1"
      prop-types "^15.6.2"
      scheduler "^0.11.0"
  
  scheduler@^0.11.0:
    version "0.11.0"
    resolved "https://registry.yarnpkg.com/scheduler/-/scheduler-0.11.0.tgz#def1f1bfa6550cc57981a87106e65e8aea41a6b5"
    dependencies:
      loose-envify "^1.1.0"
      object-assign "^4.1.1"
